TN:
SF:src/App.vue
FNF:0
FNH:0
DA:2,1
DA:3,1
DA:7,1
DA:8,1
DA:9,1
DA:11,1
DA:12,1
DA:13,1
DA:14,1
DA:15,1
DA:16,1
DA:17,1
LF:12
LH:12
BRF:0
BRH:0
end_of_record
TN:
SF:src/components/BpmDiagram.vue
FN:37,walk
FN:69,branchesFor
FN:71,shapeClass
FN:92,onClick
FNF:4
FNH:4
FNDA:6,walk
FNDA:11,branchesFor
FNDA:7,shapeClass
FNDA:2,onClick
DA:2,1
DA:3,1
DA:6,1
DA:15,1
DA:19,1
DA:21,1
DA:22,2
DA:23,2
DA:24,4
DA:25,4
DA:26,4
DA:27,4
DA:28,4
DA:29,2
DA:30,1
DA:32,1
DA:33,2
DA:34,2
DA:35,2
DA:37,2
DA:38,6
DA:39,0
DA:40,0
DA:42,6
DA:43,6
DA:44,0
DA:45,0
DA:47,6
DA:48,6
DA:50,6
DA:51,6
DA:52,4
DA:53,4
DA:54,6
DA:56,2
DA:57,2
DA:58,2
DA:60,2
DA:61,7
DA:62,1
DA:63,1
DA:64,7
DA:66,2
DA:67,1
DA:69,1
DA:71,1
DA:72,7
DA:73,2
DA:74,2
DA:75,7
DA:76,1
DA:77,1
DA:78,7
DA:79,2
DA:80,2
DA:81,2
DA:82,7
DA:86,1
DA:87,1
DA:88,1
DA:89,1
DA:90,1
DA:91,1
DA:92,1
DA:94,1
DA:95,1
DA:96,1
DA:97,5
DA:98,4
DA:99,3
DA:100,2
DA:101,1
DA:103,1
DA:104,1
DA:105,1
DA:107,1
DA:108,1
DA:109,1
DA:110,1
DA:111,1
DA:113,1
DA:114,1
DA:115,1
DA:116,1
DA:117,1
DA:119,1
DA:120,1
DA:121,1
DA:122,1
DA:123,1
DA:125,1
DA:126,5
DA:127,1
DA:128,1
DA:129,1
DA:130,1
LF:96
LH:92
BRDA:19,0,0,2
BRDA:19,1,0,7
BRDA:21,2,0,2
BRDA:23,3,0,4
BRDA:32,4,0,2
BRDA:60,5,0,7
BRDA:61,6,0,1
BRDA:35,7,0,3
BRDA:37,8,0,6
BRDA:38,9,0,0
BRDA:43,10,0,0
BRDA:50,11,0,2
BRDA:51,12,0,4
BRDA:69,13,0,11
BRDA:69,14,0,3
BRDA:71,15,0,7
BRDA:72,16,0,6
BRDA:72,17,0,2
BRDA:74,18,0,5
BRDA:75,19,0,1
BRDA:77,20,0,6
BRDA:77,21,0,4
BRDA:78,22,0,3
BRDA:78,23,0,2
BRDA:96,24,0,2
BRDA:96,25,0,5
BRDA:97,26,0,1
BRDA:97,27,0,4
BRDA:98,28,0,1
BRDA:98,29,0,3
BRDA:99,30,0,1
BRDA:99,31,0,2
BRDA:109,32,0,2
BRDA:109,33,0,5
BRDA:110,34,0,2
BRDA:110,35,0,5
BRDA:125,36,0,5
BRDA:126,37,0,2
BRDA:92,38,0,2
BRDA:119,39,0,3
BRF:40
BRH:38
end_of_record
TN:
SF:src/components/FlowNarrativePanel.vue
FNF:0
FNH:0
DA:16,1
DA:17,1
DA:19,1
DA:20,1
DA:21,1
DA:23,1
DA:24,1
DA:25,1
DA:26,1
DA:27,1
DA:29,1
DA:30,1
DA:31,1
DA:32,1
DA:33,1
DA:34,1
DA:35,1
DA:36,1
DA:37,1
DA:38,1
DA:39,1
DA:40,1
DA:41,1
DA:42,1
LF:24
LH:24
BRDA:19,0,0,1
BRF:1
BRH:1
end_of_record
TN:
SF:src/components/NodeDetailsDrawer.vue
FN:35,onKeydown
FN:68,$props.open.onClick._cache.<computed>._cache.<computed>
FN:102,$props.open.onClick._cache.<computed>._cache.<computed>
FNF:3
FNH:1
FNDA:1,onKeydown
FNDA:0,$props.open.onClick._cache.<computed>._cache.<computed>
FNDA:0,$props.open.onClick._cache.<computed>._cache.<computed>
DA:2,1
DA:3,1
DA:5,1
DA:7,1
DA:20,1
DA:24,1
DA:26,1
DA:27,2
DA:28,0
DA:29,0
DA:31,2
DA:32,2
DA:33,1
DA:35,1
DA:36,1
DA:37,1
DA:38,1
DA:39,1
DA:40,1
DA:44,1
DA:45,1
DA:46,1
DA:47,1
DA:48,1
DA:49,1
DA:51,1
DA:52,1
DA:53,1
DA:54,1
DA:55,1
DA:56,1
DA:57,1
DA:58,1
DA:60,1
DA:61,1
DA:62,1
DA:63,1
DA:64,1
DA:65,1
DA:66,1
DA:67,1
DA:68,1
DA:70,1
DA:71,1
DA:72,1
DA:74,1
DA:75,1
DA:76,1
DA:77,1
DA:79,1
DA:80,1
DA:81,1
DA:82,1
DA:83,1
DA:85,1
DA:86,1
DA:87,1
DA:88,1
DA:89,1
DA:90,1
DA:91,1
DA:92,1
DA:93,1
DA:94,1
DA:95,1
DA:96,1
DA:97,1
DA:98,1
DA:100,1
DA:101,1
DA:102,1
DA:103,1
DA:104,1
DA:105,1
DA:106,1
DA:107,1
DA:108,1
LF:77
LH:75
BRDA:26,0,0,5
BRDA:26,1,0,2
BRDA:27,2,0,0
BRDA:35,3,0,1
BRDA:49,4,0,1
BRDA:102,5,0,3
BRF:6
BRH:5
end_of_record
TN:
SF:src/components/SelectionDrawer.vue
FN:50,query.value
FN:74,isSelected
FN:78,toggleSelection
FN:87,clearSelection
FN:91,apply
FN:95,focusActiveOption
FN:99,onListboxKeydown
FN:172,$props.open.onClick._cache.<computed>._cache.<computed>
FN:180,$props.open.onUpdate:modelValue._cache.<computed>._cache.<computed>
FN:208,ref
FN:218,onClick
FN:219,onFocus
FN:242,$props.open.onClick._cache.<computed>._cache.<computed>
FNF:13
FNH:6
FNDA:8,query.value
FNDA:36,isSelected
FNDA:3,toggleSelection
FNDA:0,clearSelection
FNDA:3,apply
FNDA:0,focusActiveOption
FNDA:0,onListboxKeydown
FNDA:0,$props.open.onClick._cache.<computed>._cache.<computed>
FNDA:0,$props.open.onUpdate:modelValue._cache.<computed>._cache.<computed>
FNDA:18,ref
FNDA:3,onClick
FNDA:0,onFocus
FNDA:0,$props.open.onClick._cache.<computed>._cache.<computed>
DA:2,1
DA:3,1
DA:4,1
DA:5,1
DA:12,1
DA:28,1
DA:33,1
DA:34,1
DA:35,1
DA:36,1
DA:37,1
DA:39,1
DA:40,3
DA:41,3
DA:42,3
DA:43,3
DA:45,0
DA:46,1
DA:48,1
DA:50,1
DA:51,6
DA:52,3
DA:53,3
DA:55,3
DA:56,3
DA:57,3
DA:58,3
DA:59,6
DA:60,6
DA:61,1
DA:63,1
DA:64,1
DA:65,0
DA:66,0
DA:67,0
DA:69,1
DA:70,0
DA:71,0
DA:72,1
DA:74,36
DA:75,36
DA:76,36
DA:78,3
DA:79,3
DA:80,0
DA:81,0
DA:82,0
DA:84,3
DA:85,3
DA:87,0
DA:88,0
DA:89,0
DA:91,3
DA:92,3
DA:93,3
DA:95,0
DA:96,0
DA:97,0
DA:99,0
DA:100,0
DA:101,0
DA:102,0
DA:104,0
DA:105,0
DA:106,0
DA:107,0
DA:108,0
DA:109,0
DA:111,0
DA:112,0
DA:113,0
DA:114,0
DA:115,0
DA:116,0
DA:118,0
DA:119,0
DA:120,0
DA:121,0
DA:122,0
DA:123,0
DA:125,0
DA:126,0
DA:127,0
DA:128,0
DA:129,0
DA:130,0
DA:132,0
DA:133,0
DA:134,0
DA:135,0
DA:136,0
DA:137,0
DA:138,0
DA:139,0
DA:141,0
DA:142,0
DA:143,0
DA:144,0
DA:145,0
DA:149,1
DA:150,1
DA:151,1
DA:152,1
DA:153,1
DA:154,1
DA:156,1
DA:157,1
DA:158,1
DA:159,1
DA:160,1
DA:161,1
DA:163,1
DA:164,1
DA:165,1
DA:166,1
DA:167,1
DA:168,1
DA:169,1
DA:170,1
DA:171,1
DA:172,1
DA:174,1
DA:175,1
DA:176,1
DA:178,1
DA:179,1
DA:180,1
DA:181,1
DA:182,1
DA:183,1
DA:185,1
DA:186,1
DA:188,1
DA:190,1
DA:191,1
DA:192,1
DA:194,1
DA:195,1
DA:196,1
DA:197,1
DA:198,1
DA:199,1
DA:201,1
DA:202,0
DA:203,1
DA:205,1
DA:206,1
DA:207,1
DA:208,1
DA:209,1
DA:210,1
DA:211,1
DA:212,1
DA:218,1
DA:219,1
DA:221,1
DA:222,1
DA:223,1
DA:229,1
DA:230,1
DA:232,1
DA:233,1
DA:234,1
DA:235,1
DA:236,1
DA:237,1
DA:239,1
DA:240,1
DA:241,1
DA:242,1
DA:243,1
DA:244,1
DA:245,1
DA:246,1
DA:247,1
DA:248,1
DA:249,1
LF:177
LH:120
BRDA:39,0,0,3
BRDA:43,1,0,0
BRDA:48,2,0,6
BRDA:50,3,0,8
BRDA:50,4,0,6
BRDA:51,5,0,3
BRDA:60,6,0,3
BRDA:63,7,0,1
BRDA:64,8,0,0
BRDA:69,9,0,0
BRDA:74,10,0,36
BRDA:78,11,0,3
BRDA:79,12,0,0
BRDA:91,13,0,3
BRDA:154,14,0,2
BRDA:166,15,0,0
BRDA:172,16,0,2
BRDA:180,17,0,2
BRDA:201,18,0,0
BRDA:242,19,0,2
BRDA:186,20,0,6
BRDA:208,21,0,18
BRDA:218,22,0,3
BRDA:241,23,0,6
BRDA:242,24,0,6
BRDA:243,25,0,6
BRF:26
BRH:20
end_of_record
TN:
SF:src/components/WorkflowSelect.vue
FN:31,toggleOpen
FN:35,selectOption
FN:40,onClickOutside
FN:87,$setup.open.onClick._cache.<computed>._cache.<computed>
FN:103,onClick
FNF:5
FNH:4
FNDA:3,toggleOpen
FNDA:2,selectOption
FNDA:3,onClickOutside
FNDA:0,$setup.open.onClick._cache.<computed>._cache.<computed>
FNDA:2,onClick
DA:2,1
DA:3,1
DA:11,1
DA:22,1
DA:26,1
DA:27,1
DA:29,1
DA:31,3
DA:32,3
DA:33,3
DA:35,2
DA:36,2
DA:37,2
DA:38,2
DA:40,3
DA:41,3
DA:42,0
DA:43,0
DA:44,3
DA:45,3
DA:46,3
DA:47,3
DA:49,1
DA:50,6
DA:51,1
DA:53,1
DA:54,1
DA:55,1
DA:59,1
DA:60,1
DA:61,1
DA:62,1
DA:64,1
DA:65,1
DA:66,1
DA:67,1
DA:68,1
DA:69,1
DA:71,1
DA:72,1
DA:73,1
DA:74,1
DA:75,1
DA:77,1
DA:78,1
DA:79,1
DA:80,1
DA:81,1
DA:83,1
DA:84,1
DA:85,1
DA:86,1
DA:87,1
DA:89,1
DA:90,1
DA:91,1
DA:93,1
DA:94,0
DA:95,1
DA:97,1
DA:98,1
DA:99,1
DA:100,1
DA:101,1
DA:102,1
DA:103,1
DA:105,1
DA:106,1
DA:107,1
DA:108,1
DA:109,1
DA:110,1
DA:111,1
DA:112,1
DA:113,1
DA:114,1
DA:115,1
LF:77
LH:74
BRDA:29,0,0,7
BRDA:29,1,0,6
BRDA:29,2,0,6
BRDA:31,3,0,3
BRDA:35,4,0,2
BRDA:40,5,0,3
BRDA:41,6,0,0
BRDA:49,7,0,6
BRDA:53,8,0,1
BRDA:72,9,0,1
BRDA:72,10,0,11
BRDA:74,11,0,3
BRDA:74,12,0,9
BRDA:90,13,0,0
BRDA:93,14,0,0
BRDA:107,15,0,2
BRDA:107,16,0,1
BRDA:109,17,0,0
BRDA:103,18,0,2
BRF:19
BRH:15
end_of_record
TN:
SF:src/components/base/BaseButton.vue
FNF:0
FNH:0
DA:2,1
DA:3,1
DA:5,1
DA:19,1
DA:21,1
DA:22,1
DA:23,1
DA:24,1
DA:25,1
DA:26,1
DA:28,1
DA:29,1
DA:30,1
DA:31,1
DA:32,1
DA:34,1
DA:35,1
DA:36,1
DA:37,1
DA:38,1
DA:40,1
DA:42,1
DA:44,1
DA:45,57
DA:46,1
DA:50,1
DA:51,1
DA:52,1
DA:53,1
DA:60,1
DA:61,7
DA:62,92
DA:63,92
DA:64,40
DA:65,1
DA:66,1
DA:67,1
DA:68,1
DA:69,1
DA:70,1
DA:71,1
DA:72,1
LF:42
LH:42
BRDA:40,0,0,57
BRDA:44,1,0,57
BRDA:45,2,0,0
BRDA:52,3,0,97
BRDA:60,4,0,7
BRDA:61,5,0,92
BRDA:63,6,0,40
BRDA:69,7,0,2
BRDA:69,8,0,1
BRF:9
BRH:8
end_of_record
TN:
SF:src/components/base/BaseCard.vue
FNF:0
FNH:0
DA:2,1
DA:4,1
DA:14,1
DA:17,1
DA:18,1
DA:19,1
DA:20,1
DA:21,1
DA:23,1
DA:25,1
DA:29,1
DA:30,1
DA:31,1
DA:32,1
DA:33,1
DA:34,1
DA:35,1
DA:36,1
DA:37,12
DA:38,1
DA:39,1
DA:40,1
DA:41,1
DA:42,0
DA:43,1
DA:44,1
DA:46,1
DA:47,1
DA:48,1
DA:50,1
DA:51,0
DA:52,1
DA:53,1
LF:33
LH:31
BRDA:23,0,0,9
BRDA:23,1,0,0
BRDA:23,2,0,0
BRDA:23,3,0,0
BRDA:41,4,0,0
BRDA:50,5,0,0
BRDA:34,6,0,0
BRDA:36,7,0,12
BRDA:37,8,0,2
BRF:9
BRH:3
end_of_record
TN:
SF:src/components/base/BaseInput.vue
FN:31,handleInput
FNF:1
FNH:1
FNDA:3,handleInput
DA:2,1
DA:6,1
DA:15,1
DA:19,1
DA:21,1
DA:23,1
DA:24,21
DA:25,1
DA:26,20
DA:27,21
DA:28,21
DA:29,1
DA:31,3
DA:32,3
DA:34,3
DA:35,1
DA:36,0
DA:37,0
DA:38,0
DA:40,1
DA:41,1
DA:42,1
DA:44,3
DA:45,1
DA:46,1
DA:47,1
DA:49,1
DA:50,3
DA:54,1
DA:55,1
DA:56,1
DA:57,1
DA:59,1
DA:60,1
DA:61,1
DA:62,1
DA:64,1
DA:65,1
DA:66,1
DA:67,1
DA:68,1
DA:69,1
DA:71,1
DA:72,0
DA:73,1
DA:74,1
DA:76,1
DA:77,1
DA:78,1
DA:79,1
LF:50
LH:46
BRDA:23,0,0,21
BRDA:24,1,0,1
BRDA:25,2,0,20
BRDA:27,3,0,16
BRDA:27,4,0,5
BRDA:27,5,0,0
BRDA:31,6,0,3
BRDA:34,7,0,2
BRDA:34,8,0,1
BRDA:35,9,0,0
BRDA:42,10,0,2
BRDA:44,11,0,1
BRDA:44,12,0,1
BRDA:56,13,0,48
BRDA:56,14,0,7
BRDA:66,15,0,5
BRDA:71,16,0,0
BRDA:76,17,0,58
BRDA:76,18,0,1
BRDA:76,19,0,0
BRDA:77,20,0,0
BRDA:77,21,0,58
BRF:22
BRH:17
end_of_record
TN:
SF:src/components/base/BaseModal.vue
FN:55,$props.open.$props.title.$props.description._ctx.$slots.header.onClick._cache.<computed>._cache.<computed>
FNF:1
FNH:1
FNDA:1,$props.open.$props.title.$props.description._ctx.$slots.header.onClick._cache.<computed>._cache.<computed>
DA:2,1
DA:3,1
DA:4,1
DA:6,1
DA:15,1
DA:19,1
DA:21,1
DA:22,6
DA:23,6
DA:24,6
DA:25,6
DA:26,1
DA:30,1
DA:31,1
DA:32,1
DA:33,1
DA:34,1
DA:35,1
DA:37,1
DA:38,1
DA:39,1
DA:40,1
DA:41,1
DA:42,1
DA:43,1
DA:44,1
DA:45,1
DA:46,12
DA:47,1
DA:48,1
DA:49,1
DA:51,1
DA:52,1
DA:53,1
DA:54,1
DA:55,1
DA:57,1
DA:58,1
DA:59,1
DA:61,1
DA:62,1
DA:63,1
DA:65,1
DA:66,11
DA:67,1
DA:68,1
DA:69,1
DA:70,1
DA:71,1
DA:72,1
LF:50
LH:50
BRDA:21,0,0,6
BRDA:35,1,0,6
BRDA:39,2,0,0
BRDA:39,3,0,0
BRDA:55,4,0,6
BRDA:65,5,0,11
BRDA:43,6,0,0
BRDA:45,7,0,12
BRDA:46,8,0,1
BRDA:55,9,0,1
BRF:10
BRH:7
end_of_record
TN:
SF:src/components/base/BaseSwitcher.vue
FN:17,onClick._cache.<computed>._cache.<computed>
FNF:1
FNH:1
FNDA:1,onClick._cache.<computed>._cache.<computed>
DA:2,1
DA:3,1
DA:4,1
DA:5,1
DA:7,1
DA:8,1
DA:10,1
DA:14,1
DA:15,1
DA:16,1
DA:17,1
DA:19,1
DA:20,1
DA:21,1
DA:23,1
DA:24,1
DA:25,1
DA:26,1
DA:27,1
DA:28,1
DA:29,1
DA:30,1
DA:31,1
DA:32,1
DA:33,1
DA:34,1
DA:35,1
DA:36,1
DA:37,1
DA:39,1
DA:40,1
DA:41,1
LF:32
LH:32
BRDA:10,0,0,3
BRDA:16,1,0,2
BRDA:16,2,0,2
BRDA:17,3,0,3
BRDA:17,4,0,1
BRF:5
BRH:5
end_of_record
TN:
SF:src/components/base/BaseToast.vue
FN:57,onClick._cache.<computed>._cache.<computed>
FNF:1
FNH:1
FNDA:1,onClick._cache.<computed>._cache.<computed>
DA:2,1
DA:3,1
DA:5,1
DA:14,1
DA:17,1
DA:18,1
DA:19,1
DA:20,1
DA:21,1
DA:23,1
DA:24,1
DA:25,1
DA:26,1
DA:27,1
DA:29,1
DA:30,1
DA:32,1
DA:34,1
DA:35,6
DA:36,5
DA:37,5
DA:38,1
DA:40,1
DA:41,0
DA:42,0
DA:43,0
DA:44,1
DA:48,1
DA:49,1
DA:50,1
DA:51,1
DA:53,1
DA:54,1
DA:55,1
DA:56,1
DA:57,1
DA:58,1
DA:59,1
DA:60,1
DA:61,1
LF:40
LH:37
BRDA:34,0,0,6
BRDA:35,1,0,5
BRDA:36,2,0,2
BRDA:57,3,0,1
BRF:4
BRH:4
end_of_record
TN:
SF:src/components/layout/TheNavbar.vue
FN:36,mobileOpen.value
FN:40,switchLocale
FN:98,onClick._cache.<computed>._cache.<computed>
FNF:3
FNH:3
FNDA:4,mobileOpen.value
FNDA:1,switchLocale
FNDA:1,onClick._cache.<computed>._cache.<computed>
DA:2,1
DA:3,1
DA:4,1
DA:5,1
DA:18,1
DA:19,1
DA:20,1
DA:22,1
DA:23,1
DA:24,1
DA:25,1
DA:27,1
DA:28,4
DA:29,4
DA:30,4
DA:31,4
DA:32,4
DA:33,4
DA:34,1
DA:36,1
DA:37,1
DA:38,1
DA:40,1
DA:41,1
DA:42,1
DA:43,1
DA:47,1
DA:48,1
DA:49,1
DA:50,1
DA:51,1
DA:52,1
DA:53,1
DA:54,1
DA:55,1
DA:56,1
DA:57,1
DA:58,1
DA:60,1
DA:61,1
DA:62,1
DA:63,1
DA:64,1
DA:65,1
DA:66,1
DA:68,1
DA:69,36
DA:70,1
DA:71,1
DA:73,1
DA:74,1
DA:75,1
DA:76,1
DA:78,1
DA:79,1
DA:80,1
DA:81,1
DA:82,4
DA:83,1
DA:85,1
DA:87,1
DA:88,1
DA:89,1
DA:90,1
DA:91,4
DA:92,1
DA:94,1
DA:95,1
DA:96,1
DA:97,1
DA:98,1
DA:100,1
DA:101,5
DA:102,1
DA:103,1
DA:104,1
DA:106,1
DA:107,1
DA:108,1
DA:109,1
DA:110,1
DA:111,1
DA:112,1
DA:113,1
DA:114,1
DA:116,1
DA:117,6
DA:118,1
DA:119,1
DA:121,1
DA:122,1
DA:123,1
DA:124,1
DA:125,1
DA:126,1
DA:127,1
DA:128,1
DA:129,1
DA:130,1
DA:131,1
DA:132,1
DA:133,1
LF:102
LH:102
BRDA:27,0,0,4
BRDA:36,1,0,4
BRDA:36,2,0,1
BRDA:40,3,0,1
BRDA:41,4,0,0
BRDA:75,5,0,0
BRDA:97,6,0,1
BRDA:97,7,0,5
BRDA:98,8,0,3
BRDA:100,9,0,1
BRDA:100,10,0,5
BRDA:68,11,0,36
BRDA:80,12,0,4
BRDA:82,13,0,4
BRDA:89,14,0,4
BRDA:91,15,0,4
BRDA:98,16,0,1
BRDA:116,17,0,6
BRDA:125,18,0,1
BRDA:127,19,0,1
BRF:20
BRH:18
end_of_record
TN:
SF:src/services/api.ts
FN:11,triggerLoginRedirect
FN:36,api.interceptors.response.use.status
FNF:2
FNH:1
FNDA:2,triggerLoginRedirect
FNDA:0,api.interceptors.response.use.status
DA:1,1
DA:2,1
DA:4,1
DA:6,1
DA:7,1
DA:8,1
DA:9,1
DA:11,2
DA:12,2
DA:13,1
DA:14,1
DA:15,0
DA:16,0
DA:17,1
DA:18,1
DA:19,1
DA:20,1
DA:21,1
DA:23,2
DA:24,2
DA:27,1
DA:28,0
DA:29,0
DA:30,0
DA:31,0
DA:32,0
DA:33,0
DA:35,1
DA:36,1
DA:37,1
DA:38,3
DA:39,3
DA:40,2
DA:41,2
DA:42,2
DA:43,3
DA:44,3
DA:45,1
DA:47,1
LF:39
LH:31
BRDA:7,0,0,0
BRDA:11,1,0,2
BRDA:12,2,0,1
BRDA:18,3,0,1
BRDA:37,4,0,3
BRDA:39,5,0,2
BRF:6
BRH:5
end_of_record
TN:
SF:src/services/errors.ts
FN:15,extractApiErrorMessage
FNF:1
FNH:1
FNDA:9,extractApiErrorMessage
DA:1,1
DA:5,1
DA:6,1
DA:7,1
DA:8,1
DA:9,1
DA:10,1
DA:11,1
DA:12,1
DA:13,1
DA:15,1
DA:16,9
DA:18,9
DA:19,5
DA:20,5
DA:22,4
DA:28,9
DA:29,9
DA:30,1
DA:31,1
DA:33,9
DA:34,1
DA:35,1
DA:37,9
DA:38,1
DA:39,1
DA:41,6
DA:42,9
LF:28
LH:28
BRDA:15,0,0,9
BRDA:16,1,0,2
BRDA:16,2,0,7
BRDA:18,3,0,5
BRDA:19,4,0,4
BRDA:19,5,0,1
BRDA:20,6,0,4
BRDA:28,7,0,3
BRDA:28,8,0,1
BRDA:28,9,0,3
BRDA:29,10,0,1
BRDA:29,11,0,6
BRDA:29,12,0,1
BRDA:31,13,0,3
BRDA:33,14,0,2
BRDA:33,15,0,1
BRDA:33,16,0,6
BRDA:33,17,0,1
BRDA:35,18,0,2
BRDA:37,19,0,1
BRDA:37,20,0,1
BRDA:37,21,0,6
BRDA:37,22,0,1
BRDA:41,23,0,0
BRF:24
BRH:23
end_of_record
TN:
SF:src/services/keycloak.ts
FNF:0
FNH:0
DA:1,1
DA:3,1
DA:4,1
DA:5,1
DA:6,1
DA:7,1
DA:9,1
LF:7
LH:7
BRF:0
BRH:0
end_of_record
TN:
SF:src/stores/assuntos.ts
FN:16,buscarPorId
FN:30,fetchAll
FN:43,criar
FN:48,atualizar
FN:53,excluir
FNF:5
FNH:4
FNDA:1,buscarPorId
FNDA:2,fetchAll
FNDA:0,criar
FNDA:1,atualizar
FNDA:1,excluir
DA:1,1
DA:2,1
DA:3,1
DA:4,1
DA:11,1
DA:12,4
DA:13,4
DA:14,4
DA:16,4
DA:17,1
DA:18,1
DA:19,1
DA:20,1
DA:21,1
DA:22,1
DA:23,0
DA:24,0
DA:25,1
DA:26,1
DA:27,1
DA:28,1
DA:30,4
DA:31,2
DA:32,2
DA:33,2
DA:34,2
DA:35,2
DA:36,2
DA:37,0
DA:38,2
DA:39,2
DA:40,2
DA:41,2
DA:43,4
DA:44,0
DA:45,0
DA:46,0
DA:48,4
DA:49,1
DA:50,1
DA:51,1
DA:53,4
DA:54,1
DA:55,1
DA:56,1
DA:58,4
DA:59,4
LF:47
LH:41
BRDA:11,0,0,4
BRDA:16,1,0,1
BRDA:22,2,0,0
BRDA:30,3,0,2
BRDA:36,4,0,0
BRDA:48,5,0,1
BRDA:53,6,0,1
BRDA:55,7,0,2
BRF:8
BRH:6
end_of_record
TN:
SF:src/stores/auth.ts
FN:24,init
FN:56,logout
FN:60,_syncFromKeycloak
FN:72,extractRoles
FN:80,normalizeRole
FNF:5
FNH:5
FNDA:3,init
FNDA:1,logout
FNDA:3,_syncFromKeycloak
FNDA:3,extractRoles
FNDA:2,normalizeRole
DA:1,1
DA:2,1
DA:3,1
DA:15,1
DA:16,4
DA:17,4
DA:18,4
DA:19,4
DA:21,4
DA:22,4
DA:24,4
DA:25,3
DA:26,3
DA:27,3
DA:28,3
DA:29,3
DA:30,3
DA:31,2
DA:32,2
DA:33,2
DA:36,2
DA:37,3
DA:38,3
DA:39,1
DA:40,3
DA:41,2
DA:42,2
DA:43,2
DA:44,2
DA:45,2
DA:46,3
DA:47,1
DA:48,1
DA:49,1
DA:50,1
DA:51,0
DA:52,0
DA:53,1
DA:54,3
DA:56,4
DA:57,1
DA:58,1
DA:60,4
DA:61,3
DA:63,3
DA:64,3
DA:65,3
DA:66,3
DA:67,3
DA:69,4
DA:70,4
DA:72,3
DA:73,3
DA:74,3
DA:75,3
DA:77,3
DA:78,3
DA:80,2
DA:81,2
DA:82,2
LF:60
LH:58
BRDA:15,0,0,4
BRDA:21,1,0,1
BRDA:22,2,0,1
BRDA:24,3,0,3
BRDA:30,4,0,2
BRDA:46,5,0,1
BRDA:50,6,0,0
BRDA:36,7,0,3
BRDA:38,8,0,1
BRDA:40,9,0,2
BRDA:56,10,0,1
BRDA:60,11,0,3
BRDA:61,12,0,0
BRDA:64,13,0,0
BRDA:66,14,0,0
BRDA:72,15,0,3
BRDA:73,16,0,0
BRDA:74,17,0,0
BRDA:75,18,0,3
BRDA:75,19,0,0
BRDA:80,20,0,2
BRF:21
BRH:14
end_of_record
TN:
SF:src/stores/autores.ts
FN:16,buscarPorId
FN:30,fetchAll
FN:43,criar
FN:48,atualizar
FN:53,excluir
FNF:5
FNH:5
FNDA:1,buscarPorId
FNDA:4,fetchAll
FNDA:1,criar
FNDA:1,atualizar
FNDA:1,excluir
DA:1,1
DA:2,1
DA:3,1
DA:4,1
DA:11,1
DA:12,6
DA:13,6
DA:14,6
DA:16,6
DA:17,1
DA:18,1
DA:19,1
DA:20,1
DA:21,1
DA:22,1
DA:23,0
DA:24,0
DA:25,1
DA:26,1
DA:27,1
DA:28,1
DA:30,6
DA:31,4
DA:32,4
DA:33,4
DA:34,4
DA:35,3
DA:36,4
DA:37,1
DA:38,4
DA:39,4
DA:40,4
DA:41,4
DA:43,6
DA:44,1
DA:45,1
DA:46,1
DA:48,6
DA:49,1
DA:50,1
DA:51,1
DA:53,6
DA:54,1
DA:55,1
DA:56,1
DA:58,6
DA:59,6
LF:47
LH:45
BRDA:11,0,0,6
BRDA:16,1,0,1
BRDA:22,2,0,0
BRDA:30,3,0,4
BRDA:34,4,0,3
BRDA:36,5,0,1
BRDA:43,6,0,1
BRDA:48,7,0,1
BRDA:53,8,0,1
BRDA:55,9,0,2
BRF:10
BRH:9
end_of_record
TN:
SF:src/stores/flows.ts
FN:69,toGraph
FN:139,fetchFlows
FN:152,fetchNarrative
FNF:3
FNH:2
FNDA:2,toGraph
FNDA:3,fetchFlows
FNDA:0,fetchNarrative
DA:1,1
DA:2,1
DA:3,1
DA:4,1
DA:69,1
DA:70,2
DA:71,2
DA:73,2
DA:74,1
DA:75,1
DA:76,1
DA:77,1
DA:78,1
DA:79,1
DA:80,1
DA:81,1
DA:82,1
DA:83,1
DA:84,1
DA:85,1
DA:87,2
DA:88,2
DA:89,2
DA:91,2
DA:92,2
DA:93,2
DA:94,2
DA:95,2
DA:96,2
DA:97,2
DA:98,2
DA:99,2
DA:100,2
DA:101,2
DA:102,2
DA:104,2
DA:105,1
DA:106,1
DA:107,1
DA:108,1
DA:109,2
DA:111,2
DA:112,2
DA:113,2
DA:114,2
DA:115,2
DA:116,2
DA:117,2
DA:118,2
DA:119,2
DA:120,2
DA:121,2
DA:122,2
DA:131,1
DA:132,3
DA:133,3
DA:134,3
DA:135,3
DA:136,3
DA:137,3
DA:139,3
DA:140,3
DA:141,3
DA:142,3
DA:143,3
DA:144,2
DA:145,3
DA:146,1
DA:147,3
DA:148,3
DA:149,3
DA:150,3
DA:152,3
DA:153,0
DA:154,0
DA:155,0
DA:156,0
DA:157,0
DA:158,0
DA:159,0
DA:160,0
DA:161,0
DA:162,0
DA:164,3
DA:165,3
DA:166,3
DA:167,3
DA:168,3
DA:169,3
DA:170,3
DA:171,3
DA:172,3
DA:173,3
DA:174,3
LF:94
LH:84
BRDA:69,0,0,2
BRDA:70,1,0,1
BRDA:71,2,0,1
BRDA:73,3,0,1
BRDA:73,4,0,1
BRDA:77,5,0,0
BRDA:78,6,0,0
BRDA:79,7,0,0
BRDA:80,8,0,0
BRDA:81,9,0,0
BRDA:87,10,0,0
BRDA:114,11,0,0
BRDA:115,12,0,1
BRDA:116,13,0,1
BRDA:117,14,0,1
BRDA:118,15,0,1
BRDA:89,16,0,1
BRDA:91,17,0,2
BRDA:96,18,0,0
BRDA:104,19,0,1
BRDA:131,20,0,3
BRDA:139,21,0,3
BRDA:143,22,0,2
BRDA:145,23,0,1
BRF:24
BRH:16
end_of_record
TN:
SF:src/stores/livros.ts
FN:34,fetchAll
FN:47,criar
FN:52,atualizar
FN:57,excluir
FNF:4
FNH:4
FNDA:3,fetchAll
FNDA:1,criar
FNDA:1,atualizar
FNDA:1,excluir
DA:1,1
DA:2,1
DA:3,1
DA:4,1
DA:29,1
DA:30,4
DA:31,4
DA:32,4
DA:34,4
DA:35,3
DA:36,3
DA:37,3
DA:38,3
DA:39,3
DA:40,3
DA:41,0
DA:42,3
DA:43,3
DA:44,3
DA:45,3
DA:47,4
DA:48,1
DA:49,1
DA:50,1
DA:52,4
DA:53,1
DA:54,1
DA:55,1
DA:57,4
DA:58,1
DA:59,1
DA:60,1
DA:62,4
DA:63,4
LF:34
LH:33
BRDA:29,0,0,4
BRDA:34,1,0,3
BRDA:40,2,0,0
BRDA:47,3,0,1
BRDA:52,4,0,1
BRDA:57,5,0,1
BRDA:59,6,0,2
BRF:7
BRH:6
end_of_record
TN:
SF:src/stores/logs.ts
FN:40,fetchLogs
FN:65,startPolling
FN:77,stopPolling
FN:85,reconnect
FN:90,clear
FNF:5
FNH:5
FNDA:7,fetchLogs
FNDA:4,startPolling
FNDA:2,stopPolling
FNDA:1,reconnect
FNDA:1,clear
DA:1,1
DA:2,1
DA:3,1
DA:4,1
DA:21,1
DA:23,1
DA:24,5
DA:25,5
DA:26,5
DA:27,5
DA:28,5
DA:29,5
DA:30,5
DA:31,5
DA:32,5
DA:33,5
DA:35,5
DA:37,5
DA:38,5
DA:40,5
DA:41,7
DA:42,7
DA:44,7
DA:45,7
DA:46,7
DA:47,7
DA:48,7
DA:49,7
DA:50,7
DA:51,7
DA:52,7
DA:54,6
DA:55,6
DA:56,6
DA:57,7
DA:58,1
DA:59,1
DA:60,7
DA:61,7
DA:62,7
DA:63,7
DA:65,5
DA:66,4
DA:67,1
DA:68,1
DA:70,3
DA:71,3
DA:72,3
DA:73,1
DA:74,3
DA:75,4
DA:77,5
DA:78,2
DA:79,2
DA:80,2
DA:81,2
DA:82,2
DA:83,2
DA:85,5
DA:86,1
DA:87,1
DA:88,1
DA:90,5
DA:91,1
DA:92,1
DA:94,5
DA:95,5
DA:96,5
DA:97,5
DA:98,5
DA:99,5
DA:100,5
DA:101,5
DA:102,5
DA:103,5
DA:104,5
DA:105,5
DA:106,5
DA:107,5
DA:108,5
DA:109,5
DA:110,5
DA:111,5
DA:112,5
DA:113,5
LF:85
LH:85
BRDA:23,0,0,5
BRDA:37,1,0,1
BRDA:37,2,0,2
BRDA:38,3,0,1
BRDA:38,4,0,2
BRDA:40,5,0,7
BRDA:50,6,0,6
BRDA:52,7,0,6
BRDA:57,8,0,1
BRDA:65,9,0,4
BRDA:66,10,0,1
BRDA:68,11,0,3
BRDA:72,12,0,1
BRDA:77,13,0,2
BRDA:85,14,0,1
BRDA:90,15,0,1
BRF:16
BRH:16
end_of_record
TN:
SF:src/stores/ui.ts
FN:9,toggleTheme
FN:15,applyStoredTheme
FNF:2
FNH:2
FNDA:3,toggleTheme
FNDA:5,applyStoredTheme
DA:1,1
DA:2,1
DA:6,1
DA:7,7
DA:9,7
DA:10,3
DA:11,3
DA:12,3
DA:13,3
DA:15,7
DA:16,5
DA:17,5
DA:19,7
DA:20,7
LF:14
LH:14
BRDA:6,0,0,7
BRDA:7,1,0,4
BRDA:9,2,0,3
BRDA:10,3,0,2
BRDA:10,4,0,1
BRDA:15,5,0,5
BRF:6
BRH:6
end_of_record
TN:
SF:src/views/AssuntosView.vue
FN:26,openCreate
FN:32,openEdit
FN:43,save
FN:57,confirmDelete
FN:125,onClick
FN:131,onClick
FN:145,onClose._cache.<computed>._cache.<computed>
FN:156,onClick._cache.<computed>._cache.<computed>
FN:147,onUpdate:modelValue._cache.<computed>._cache.<computed>
FN:162,onClose._cache.<computed>._cache.<computed>
FN:176,$setup.toast.onClose._cache.<computed>._cache.<computed>
FNF:11
FNH:2
FNDA:0,openCreate
FNDA:1,openEdit
FNDA:0,save
FNDA:0,confirmDelete
FNDA:1,onClick
FNDA:0,onClick
FNDA:0,onClose._cache.<computed>._cache.<computed>
FNDA:0,onClick._cache.<computed>._cache.<computed>
FNDA:0,onUpdate:modelValue._cache.<computed>._cache.<computed>
FNDA:0,onClose._cache.<computed>._cache.<computed>
FNDA:0,$setup.toast.onClose._cache.<computed>._cache.<computed>
DA:2,1
DA:3,1
DA:4,1
DA:5,1
DA:6,1
DA:7,1
DA:8,1
DA:9,1
DA:10,1
DA:11,1
DA:12,1
DA:14,1
DA:15,1
DA:16,1
DA:18,1
DA:20,1
DA:21,1
DA:22,1
DA:23,1
DA:24,1
DA:26,0
DA:27,0
DA:28,0
DA:29,0
DA:30,0
DA:32,1
DA:33,1
DA:34,1
DA:35,1
DA:36,1
DA:37,1
DA:38,1
DA:39,0
DA:40,0
DA:41,1
DA:43,0
DA:44,0
DA:45,0
DA:46,0
DA:47,0
DA:48,0
DA:49,0
DA:50,0
DA:51,0
DA:52,0
DA:53,0
DA:54,0
DA:55,0
DA:57,0
DA:58,0
DA:59,0
DA:60,0
DA:61,0
DA:62,0
DA:63,0
DA:64,0
DA:65,0
DA:69,1
DA:70,1
DA:71,1
DA:72,1
DA:73,1
DA:74,1
DA:75,1
DA:76,1
DA:77,1
DA:78,1
DA:79,1
DA:80,1
DA:81,1
DA:83,1
DA:84,1
DA:85,1
DA:86,1
DA:87,1
DA:88,1
DA:89,1
DA:90,1
DA:92,1
DA:93,1
DA:94,1
DA:95,1
DA:96,1
DA:97,1
DA:98,0
DA:99,1
DA:100,1
DA:101,0
DA:102,0
DA:103,1
DA:104,1
DA:105,1
DA:106,1
DA:107,1
DA:108,1
DA:109,1
DA:110,1
DA:111,1
DA:112,1
DA:113,1
DA:114,1
DA:115,1
DA:116,1
DA:117,1
DA:118,1
DA:119,1
DA:120,1
DA:121,1
DA:122,1
DA:123,1
DA:124,1
DA:125,1
DA:126,1
DA:127,1
DA:128,1
DA:129,1
DA:130,1
DA:131,1
DA:132,1
DA:133,1
DA:134,1
DA:135,1
DA:136,1
DA:137,1
DA:138,1
DA:139,1
DA:140,1
DA:141,1
DA:142,1
DA:143,1
DA:145,1
DA:146,1
DA:147,1
DA:148,1
DA:149,1
DA:151,1
DA:152,1
DA:154,1
DA:155,1
DA:156,1
DA:157,1
DA:158,1
DA:160,1
DA:162,1
DA:163,1
DA:164,1
DA:165,1
DA:166,1
DA:167,1
DA:168,1
DA:169,1
DA:170,1
DA:171,1
DA:172,1
DA:174,1
DA:176,1
DA:177,1
LF:157
LH:125
BRDA:18,0,0,1
BRDA:32,1,0,1
BRDA:38,2,0,0
BRDA:145,3,0,1
BRDA:145,4,0,1
BRDA:145,5,0,1
BRDA:162,6,0,1
BRDA:176,7,0,0
BRDA:85,8,0,1
BRDA:87,9,0,1
BRDA:97,10,0,0
BRDA:100,11,0,0
BRDA:109,12,0,0
BRDA:125,13,0,1
BRDA:127,14,0,1
BRDA:129,15,0,1
BRDA:133,16,0,1
BRDA:135,17,0,1
BRDA:156,18,0,1
BRDA:157,19,0,1
BRDA:149,20,0,1
BRF:21
BRH:16
end_of_record
TN:
SF:src/views/AutoresView.vue
FN:26,openCreate
FN:32,openEdit
FN:43,save
FN:57,confirmDelete
FN:125,onClick
FN:131,onClick
FN:145,onClose._cache.<computed>._cache.<computed>
FN:156,onClick._cache.<computed>._cache.<computed>
FN:147,onUpdate:modelValue._cache.<computed>._cache.<computed>
FN:162,onClose._cache.<computed>._cache.<computed>
FN:176,$setup.toast.onClose._cache.<computed>._cache.<computed>
FNF:11
FNH:2
FNDA:0,openCreate
FNDA:1,openEdit
FNDA:0,save
FNDA:0,confirmDelete
FNDA:1,onClick
FNDA:0,onClick
FNDA:0,onClose._cache.<computed>._cache.<computed>
FNDA:0,onClick._cache.<computed>._cache.<computed>
FNDA:0,onUpdate:modelValue._cache.<computed>._cache.<computed>
FNDA:0,onClose._cache.<computed>._cache.<computed>
FNDA:0,$setup.toast.onClose._cache.<computed>._cache.<computed>
DA:2,1
DA:3,1
DA:4,1
DA:5,1
DA:6,1
DA:7,1
DA:8,1
DA:9,1
DA:10,1
DA:11,1
DA:12,1
DA:14,1
DA:15,1
DA:16,1
DA:18,1
DA:20,1
DA:21,1
DA:22,1
DA:23,1
DA:24,1
DA:26,0
DA:27,0
DA:28,0
DA:29,0
DA:30,0
DA:32,1
DA:33,1
DA:34,1
DA:35,1
DA:36,1
DA:37,1
DA:38,1
DA:39,0
DA:40,0
DA:41,1
DA:43,0
DA:44,0
DA:45,0
DA:46,0
DA:47,0
DA:48,0
DA:49,0
DA:50,0
DA:51,0
DA:52,0
DA:53,0
DA:54,0
DA:55,0
DA:57,0
DA:58,0
DA:59,0
DA:60,0
DA:61,0
DA:62,0
DA:63,0
DA:64,0
DA:65,0
DA:69,1
DA:70,1
DA:71,1
DA:72,1
DA:73,1
DA:74,1
DA:75,1
DA:76,1
DA:77,1
DA:78,1
DA:79,1
DA:80,1
DA:81,1
DA:83,1
DA:84,1
DA:85,1
DA:86,1
DA:87,1
DA:88,1
DA:89,1
DA:90,1
DA:92,1
DA:93,1
DA:94,1
DA:95,1
DA:96,1
DA:97,1
DA:98,0
DA:99,1
DA:100,1
DA:101,0
DA:102,0
DA:103,1
DA:104,1
DA:105,1
DA:106,1
DA:107,1
DA:108,1
DA:109,1
DA:110,1
DA:111,1
DA:112,1
DA:113,1
DA:114,1
DA:115,1
DA:116,1
DA:117,1
DA:118,1
DA:119,1
DA:120,1
DA:121,1
DA:122,1
DA:123,1
DA:124,1
DA:125,1
DA:126,1
DA:127,1
DA:128,1
DA:129,1
DA:130,1
DA:131,1
DA:132,1
DA:133,1
DA:134,1
DA:135,1
DA:136,1
DA:137,1
DA:138,1
DA:139,1
DA:140,1
DA:141,1
DA:142,1
DA:143,1
DA:145,1
DA:146,1
DA:147,1
DA:148,1
DA:149,1
DA:151,1
DA:152,1
DA:154,1
DA:155,1
DA:156,1
DA:157,1
DA:158,1
DA:160,1
DA:162,1
DA:163,1
DA:164,1
DA:165,1
DA:166,1
DA:167,1
DA:168,1
DA:169,1
DA:170,1
DA:171,1
DA:172,1
DA:174,1
DA:176,1
DA:177,1
LF:157
LH:125
BRDA:18,0,0,1
BRDA:32,1,0,1
BRDA:38,2,0,0
BRDA:145,3,0,1
BRDA:145,4,0,1
BRDA:145,5,0,1
BRDA:162,6,0,1
BRDA:176,7,0,0
BRDA:85,8,0,1
BRDA:87,9,0,1
BRDA:97,10,0,0
BRDA:100,11,0,0
BRDA:109,12,0,0
BRDA:125,13,0,1
BRDA:127,14,0,1
BRDA:129,15,0,1
BRDA:133,16,0,1
BRDA:135,17,0,1
BRDA:156,18,0,1
BRDA:157,19,0,1
BRDA:149,20,0,1
BRF:21
BRH:16
end_of_record
TN:
SF:src/views/FlowCockpitView.vue
FN:61,typeLabel
FN:69,selectNode
FN:92,onUpdate:modelValue._cache.<computed>._cache.<computed>
FN:157,onClick._cache.<computed>._cache.<computed>
FN:165,onClick._cache.<computed>._cache.<computed>
FN:200,$setup.store.loadingFlows.onClose._cache.<computed>._cache.<computed>
FNF:6
FNH:3
FNDA:2,typeLabel
FNDA:1,selectNode
FNDA:1,onUpdate:modelValue._cache.<computed>._cache.<computed>
FNDA:0,onClick._cache.<computed>._cache.<computed>
FNDA:0,onClick._cache.<computed>._cache.<computed>
FNDA:0,$setup.store.loadingFlows.onClose._cache.<computed>._cache.<computed>
DA:2,1
DA:3,1
DA:4,1
DA:11,1
DA:12,1
DA:13,1
DA:14,1
DA:15,1
DA:16,1
DA:18,1
DA:19,1
DA:21,1
DA:22,1
DA:23,1
DA:24,1
DA:26,1
DA:27,3
DA:28,1
DA:30,1
DA:31,1
DA:32,1
DA:33,1
DA:34,1
DA:35,0
DA:36,0
DA:37,0
DA:39,1
DA:40,1
DA:41,0
DA:42,0
DA:43,0
DA:45,1
DA:46,1
DA:48,1
DA:49,1
DA:50,3
DA:51,3
DA:52,3
DA:53,1
DA:54,1
DA:55,1
DA:56,2
DA:57,1
DA:58,1
DA:59,2
DA:60,1
DA:61,1
DA:62,2
DA:63,2
DA:64,2
DA:65,2
DA:66,1
DA:67,2
DA:69,1
DA:70,1
DA:71,1
DA:72,1
DA:76,1
DA:77,1
DA:78,1
DA:79,1
DA:80,1
DA:81,1
DA:82,1
DA:83,1
DA:84,1
DA:85,1
DA:86,1
DA:87,1
DA:88,1
DA:90,1
DA:91,1
DA:92,1
DA:93,1
DA:94,1
DA:95,1
DA:96,1
DA:97,1
DA:98,1
DA:99,1
DA:100,1
DA:102,1
DA:103,1
DA:104,1
DA:105,1
DA:106,1
DA:107,1
DA:108,1
DA:109,1
DA:110,1
DA:111,1
DA:113,1
DA:114,1
DA:115,1
DA:116,0
DA:117,0
DA:118,1
DA:120,1
DA:121,1
DA:122,1
DA:123,1
DA:124,1
DA:125,1
DA:126,1
DA:127,1
DA:128,1
DA:129,1
DA:130,1
DA:131,1
DA:132,1
DA:133,1
DA:135,1
DA:136,1
DA:137,0
DA:138,0
DA:139,0
DA:141,1
DA:142,2
DA:143,2
DA:144,2
DA:145,1
DA:147,1
DA:148,1
DA:149,1
DA:150,1
DA:151,1
DA:152,1
DA:153,1
DA:154,1
DA:156,1
DA:157,1
DA:158,1
DA:159,1
DA:160,1
DA:161,1
DA:162,1
DA:163,1
DA:164,1
DA:165,1
DA:167,1
DA:168,1
DA:169,1
DA:171,1
DA:172,0
DA:173,0
DA:174,0
DA:175,0
DA:176,0
DA:177,0
DA:178,0
DA:179,1
DA:181,1
DA:182,1
DA:183,1
DA:184,1
DA:185,1
DA:186,1
DA:187,1
DA:189,1
DA:190,1
DA:191,1
DA:192,1
DA:193,1
DA:194,1
DA:195,1
DA:196,1
DA:197,1
DA:198,1
DA:199,1
DA:200,1
DA:201,1
DA:202,1
DA:203,1
DA:204,1
LF:174
LH:156
BRDA:26,0,0,3
BRDA:30,1,0,1
BRDA:34,2,0,0
BRDA:40,3,0,0
BRDA:39,4,0,1
BRDA:48,5,0,3
BRDA:49,6,0,3
BRDA:49,7,0,3
BRDA:54,8,0,3
BRDA:54,9,0,2
BRDA:54,10,0,3
BRDA:55,11,0,2
BRDA:56,12,0,1
BRDA:59,13,0,0
BRDA:59,14,0,1
BRDA:61,15,0,2
BRDA:62,16,0,1
BRDA:63,17,0,0
BRDA:63,18,0,1
BRDA:64,19,0,0
BRDA:64,20,0,1
BRDA:65,21,0,0
BRDA:65,22,0,1
BRDA:69,23,0,1
BRDA:92,24,0,3
BRDA:115,25,0,0
BRDA:121,26,0,1
BRDA:136,27,0,0
BRDA:141,28,0,2
BRDA:200,29,0,1
BRDA:92,30,0,1
BRDA:130,31,0,1
BRDA:131,32,0,1
BRDA:150,33,0,0
BRDA:151,34,0,0
BRDA:152,35,0,0
BRDA:153,36,0,0
BRDA:157,37,0,1
BRDA:165,38,0,1
BRDA:171,39,0,0
BRDA:183,40,0,0
BRDA:158,41,0,1
BRDA:159,42,0,1
BRDA:159,43,0,0
BRDA:167,44,0,2
BRF:45
BRH:30
end_of_record
TN:
SF:src/views/LivrosView.vue
FN:67,emptyForm
FN:76,openCreate
FN:82,openEdit
FN:96,save
FN:123,confirmDelete
FN:133,openSelector
FN:138,applySelector
FN:186,hiddenCount
FN:190,selectedLabel
FN:265,$setup.store.loading.onClick._cache.<computed>._cache.<computed>
FN:307,onClick
FN:313,onClick
FN:333,onClose._cache.<computed>._cache.<computed>
FN:442,onClick._cache.<computed>._cache.<computed>
FN:337,onUpdate:modelValue._cache.<computed>._cache.<computed>
FN:342,onUpdate:modelValue._cache.<computed>._cache.<computed>
FN:347,onUpdate:modelValue._cache.<computed>._cache.<computed>
FN:352,onUpdate:modelValue._cache.<computed>._cache.<computed>
FN:359,onUpdate:modelValue._cache.<computed>._cache.<computed>
FN:377,onClick._cache.<computed>._cache.<computed>
FN:413,onClick._cache.<computed>._cache.<computed>
FN:460,onClose._cache.<computed>._cache.<computed>
FN:469,onClose._cache.<computed>._cache.<computed>
FN:484,$setup.toast.onClose._cache.<computed>._cache.<computed>
FNF:24
FNH:9
FNDA:4,emptyForm
FNDA:2,openCreate
FNDA:0,openEdit
FNDA:1,save
FNDA:0,confirmDelete
FNDA:3,openSelector
FNDA:3,applySelector
FNDA:7,hiddenCount
FNDA:18,selectedLabel
FNDA:0,$setup.store.loading.onClick._cache.<computed>._cache.<computed>
FNDA:0,onClick
FNDA:0,onClick
FNDA:0,onClose._cache.<computed>._cache.<computed>
FNDA:0,onClick._cache.<computed>._cache.<computed>
FNDA:0,onUpdate:modelValue._cache.<computed>._cache.<computed>
FNDA:0,onUpdate:modelValue._cache.<computed>._cache.<computed>
FNDA:0,onUpdate:modelValue._cache.<computed>._cache.<computed>
FNDA:0,onUpdate:modelValue._cache.<computed>._cache.<computed>
FNDA:0,onUpdate:modelValue._cache.<computed>._cache.<computed>
FNDA:2,onClick._cache.<computed>._cache.<computed>
FNDA:1,onClick._cache.<computed>._cache.<computed>
FNDA:0,onClose._cache.<computed>._cache.<computed>
FNDA:0,onClose._cache.<computed>._cache.<computed>
FNDA:0,$setup.toast.onClose._cache.<computed>._cache.<computed>
DA:2,1
DA:3,1
DA:4,1
DA:18,1
DA:19,1
DA:20,1
DA:21,1
DA:22,1
DA:23,1
DA:24,1
DA:25,1
DA:26,1
DA:27,1
DA:28,1
DA:30,1
DA:31,1
DA:32,1
DA:33,1
DA:34,1
DA:36,1
DA:37,2
DA:38,1
DA:40,1
DA:41,1
DA:42,1
DA:43,1
DA:44,1
DA:46,1
DA:47,1
DA:48,1
DA:67,1
DA:68,4
DA:69,4
DA:70,4
DA:72,1
DA:73,1
DA:74,1
DA:76,2
DA:77,2
DA:78,2
DA:79,2
DA:80,2
DA:82,0
DA:83,0
DA:84,0
DA:85,0
DA:86,0
DA:87,0
DA:88,0
DA:89,0
DA:90,0
DA:91,0
DA:92,0
DA:93,0
DA:94,0
DA:96,1
DA:97,1
DA:98,1
DA:100,1
DA:101,1
DA:102,1
DA:103,1
DA:104,1
DA:105,1
DA:106,1
DA:107,1
DA:108,1
DA:109,1
DA:110,0
DA:111,1
DA:112,1
DA:113,1
DA:114,1
DA:115,1
DA:116,1
DA:117,0
DA:118,1
DA:119,1
DA:120,1
DA:121,1
DA:123,0
DA:124,0
DA:125,0
DA:126,0
DA:127,0
DA:128,0
DA:129,0
DA:130,0
DA:131,0
DA:133,3
DA:134,3
DA:135,3
DA:136,3
DA:138,3
DA:139,3
DA:140,2
DA:141,3
DA:142,1
DA:143,1
DA:145,3
DA:146,3
DA:148,1
DA:149,2
DA:150,1
DA:152,1
DA:153,1
DA:154,1
DA:156,1
DA:157,4
DA:158,1
DA:160,1
DA:161,3
DA:162,1
DA:164,1
DA:165,3
DA:166,1
DA:168,1
DA:169,3
DA:170,1
DA:172,1
DA:173,3
DA:174,1
DA:176,1
DA:177,3
DA:178,1
DA:180,1
DA:181,8
DA:182,6
DA:183,2
DA:184,1
DA:186,7
DA:187,7
DA:188,7
DA:190,18
DA:191,18
DA:192,18
DA:196,1
DA:197,1
DA:198,1
DA:199,1
DA:200,1
DA:201,1
DA:202,1
DA:203,1
DA:204,1
DA:205,1
DA:206,1
DA:207,1
DA:208,1
DA:210,1
DA:211,1
DA:212,1
DA:213,1
DA:214,2
DA:215,1
DA:216,1
DA:218,1
DA:219,1
DA:220,1
DA:221,1
DA:222,1
DA:223,1
DA:224,1
DA:225,1
DA:226,1
DA:227,1
DA:229,1
DA:230,1
DA:231,1
DA:232,1
DA:233,1
DA:234,1
DA:235,1
DA:236,1
DA:237,1
DA:239,1
DA:240,1
DA:241,1
DA:242,1
DA:243,1
DA:244,1
DA:245,1
DA:246,1
DA:247,1
DA:248,1
DA:249,1
DA:251,1
DA:252,1
DA:253,1
DA:254,1
DA:255,1
DA:256,1
DA:258,1
DA:259,0
DA:260,0
DA:261,0
DA:262,0
DA:263,0
DA:264,0
DA:265,0
DA:266,0
DA:267,0
DA:268,0
DA:269,0
DA:271,1
DA:272,0
DA:273,0
DA:274,1
DA:276,1
DA:277,1
DA:278,1
DA:279,1
DA:280,1
DA:281,1
DA:282,1
DA:283,1
DA:284,1
DA:285,1
DA:286,1
DA:287,1
DA:288,1
DA:289,1
DA:290,1
DA:291,1
DA:292,1
DA:293,1
DA:294,1
DA:295,1
DA:296,1
DA:297,1
DA:298,1
DA:299,1
DA:300,1
DA:301,1
DA:302,1
DA:303,1
DA:304,1
DA:305,1
DA:306,1
DA:307,1
DA:308,1
DA:309,1
DA:310,1
DA:311,2
DA:312,1
DA:313,1
DA:314,1
DA:315,1
DA:316,1
DA:317,2
DA:318,1
DA:319,1
DA:320,1
DA:321,1
DA:322,1
DA:323,1
DA:324,1
DA:325,1
DA:326,1
DA:328,1
DA:329,1
DA:330,1
DA:331,1
DA:332,1
DA:333,1
DA:335,1
DA:336,1
DA:337,1
DA:338,1
DA:339,1
DA:341,1
DA:342,1
DA:343,1
DA:344,1
DA:346,1
DA:347,1
DA:348,1
DA:349,1
DA:351,1
DA:352,1
DA:353,1
DA:354,1
DA:356,1
DA:357,1
DA:359,1
DA:360,1
DA:361,1
DA:363,1
DA:365,1
DA:366,1
DA:367,1
DA:368,1
DA:369,1
DA:370,1
DA:371,1
DA:372,1
DA:373,1
DA:374,1
DA:375,1
DA:376,1
DA:377,1
DA:379,1
DA:380,1
DA:381,1
DA:382,9
DA:383,1
DA:384,1
DA:386,1
DA:387,1
DA:388,1
DA:390,1
DA:391,5
DA:392,5
DA:393,5
DA:394,5
DA:395,0
DA:396,5
DA:397,5
DA:399,1
DA:400,1
DA:402,1
DA:403,1
DA:404,1
DA:405,1
DA:406,1
DA:407,1
DA:408,1
DA:409,1
DA:410,1
DA:411,1
DA:412,1
DA:413,1
DA:415,1
DA:416,1
DA:417,1
DA:418,9
DA:419,1
DA:420,1
DA:422,1
DA:423,1
DA:424,1
DA:426,1
DA:427,2
DA:428,2
DA:429,2
DA:430,2
DA:431,0
DA:432,2
DA:433,2
DA:435,1
DA:436,1
DA:437,1
DA:438,1
DA:440,1
DA:441,1
DA:442,1
DA:443,1
DA:444,1
DA:446,1
DA:448,1
DA:449,1
DA:450,1
DA:451,1
DA:452,1
DA:453,1
DA:454,1
DA:455,1
DA:456,1
DA:457,1
DA:458,1
DA:459,1
DA:460,1
DA:461,1
DA:462,1
DA:464,1
DA:465,1
DA:466,1
DA:467,1
DA:468,1
DA:469,1
DA:471,1
DA:472,1
DA:473,1
DA:474,1
DA:475,1
DA:476,1
DA:477,1
DA:478,1
DA:479,1
DA:480,1
DA:482,1
DA:484,1
DA:485,1
LF:393
LH:354
BRDA:36,0,0,2
BRDA:46,1,0,2
BRDA:47,2,0,2
BRDA:48,3,0,2
BRDA:67,4,0,4
BRDA:76,5,0,2
BRDA:96,6,0,1
BRDA:109,7,0,0
BRDA:116,8,0,0
BRDA:133,9,0,3
BRDA:138,10,0,3
BRDA:139,11,0,2
BRDA:141,12,0,1
BRDA:148,13,0,2
BRDA:149,14,0,4
BRDA:152,15,0,1
BRDA:153,16,0,2
BRDA:156,17,0,4
BRDA:157,18,0,8
BRDA:160,19,0,3
BRDA:161,20,0,6
BRDA:164,21,0,3
BRDA:165,22,0,2
BRDA:165,23,0,1
BRDA:168,24,0,3
BRDA:169,25,0,2
BRDA:169,26,0,1
BRDA:172,27,0,3
BRDA:173,28,0,2
BRDA:173,29,0,1
BRDA:176,30,0,3
BRDA:177,31,0,2
BRDA:177,32,0,1
BRDA:180,33,0,8
BRDA:181,34,0,6
BRDA:182,35,0,2
BRDA:186,36,0,7
BRDA:190,37,0,18
BRDA:330,38,0,0
BRDA:333,39,0,2
BRDA:460,40,0,2
BRDA:469,41,0,2
BRDA:484,42,0,1
BRDA:484,43,0,10
BRDA:212,44,0,2
BRDA:214,45,0,2
BRDA:258,46,0,0
BRDA:271,47,0,0
BRDA:285,48,0,0
BRDA:309,49,0,2
BRDA:311,50,0,2
BRDA:315,51,0,2
BRDA:317,52,0,2
BRDA:442,53,0,2
BRDA:442,54,0,9
BRDA:443,55,0,9
BRDA:337,56,0,2
BRDA:342,57,0,2
BRDA:347,58,0,2
BRDA:352,59,0,2
BRDA:359,60,0,2
BRDA:376,61,0,3
BRDA:377,62,0,2
BRDA:390,63,0,5
BRDA:394,64,0,0
BRDA:399,65,0,4
BRDA:412,66,0,3
BRDA:413,67,0,2
BRDA:426,68,0,2
BRDA:430,69,0,0
BRDA:435,70,0,7
BRDA:339,71,0,9
BRDA:344,72,0,9
BRDA:349,73,0,9
BRDA:354,74,0,9
BRDA:361,75,0,9
BRDA:377,76,0,2
BRDA:380,77,0,9
BRDA:382,78,0,9
BRDA:413,79,0,1
BRDA:416,80,0,9
BRDA:418,81,0,9
BRF:82
BRH:74
end_of_record
TN:
SF:src/views/LogsView.vue
FN:49,applyFilters
FN:53,levelClass
FN:84,onClick._cache.<computed>._cache.<computed>
FN:90,onClick._cache.<computed>._cache.<computed>
FN:135,onUpdate:modelValue._cache.<computed>._cache.<computed>
FN:180,$setup.store.loading.$setup.store.logs.length.onClick._cache.<computed>._cache.<computed>
FNF:6
FNH:1
FNDA:0,applyFilters
FNDA:1,levelClass
FNDA:0,onClick._cache.<computed>._cache.<computed>
FNDA:0,onClick._cache.<computed>._cache.<computed>
FNDA:0,onUpdate:modelValue._cache.<computed>._cache.<computed>
FNDA:0,$setup.store.loading.$setup.store.logs.length.onClick._cache.<computed>._cache.<computed>
DA:2,1
DA:3,1
DA:4,1
DA:14,1
DA:15,1
DA:16,1
DA:17,1
DA:19,1
DA:20,1
DA:22,1
DA:23,1
DA:24,1
DA:25,1
DA:26,1
DA:27,1
DA:29,1
DA:31,1
DA:32,1
DA:33,1
DA:35,1
DA:36,0
DA:37,1
DA:39,1
DA:41,1
DA:42,1
DA:43,0
DA:44,0
DA:46,1
DA:47,1
DA:49,0
DA:50,0
DA:51,0
DA:53,1
DA:54,1
DA:55,1
DA:56,1
DA:57,1
DA:58,1
DA:59,1
DA:60,1
DA:61,1
DA:65,1
DA:66,1
DA:67,1
DA:68,1
DA:69,1
DA:70,1
DA:71,1
DA:72,1
DA:73,1
DA:74,1
DA:75,1
DA:76,1
DA:77,1
DA:79,1
DA:80,1
DA:81,1
DA:82,1
DA:83,1
DA:84,1
DA:85,1
DA:86,1
DA:87,1
DA:88,1
DA:89,1
DA:90,1
DA:91,1
DA:92,1
DA:93,1
DA:94,1
DA:95,1
DA:96,1
DA:97,1
DA:98,1
DA:99,1
DA:100,1
DA:101,1
DA:102,1
DA:103,1
DA:105,1
DA:106,1
DA:107,1
DA:108,1
DA:109,1
DA:110,1
DA:111,1
DA:112,1
DA:114,1
DA:115,1
DA:116,1
DA:117,1
DA:118,1
DA:119,1
DA:120,1
DA:122,1
DA:123,1
DA:124,1
DA:125,1
DA:126,1
DA:127,1
DA:128,1
DA:129,1
DA:130,1
DA:132,1
DA:133,1
DA:134,1
DA:135,1
DA:136,1
DA:137,1
DA:138,1
DA:139,1
DA:141,1
DA:142,1
DA:144,1
DA:146,1
DA:147,1
DA:148,1
DA:149,1
DA:150,1
DA:151,1
DA:153,1
DA:154,1
DA:155,1
DA:156,1
DA:157,1
DA:158,1
DA:160,1
DA:161,1
DA:163,1
DA:164,1
DA:166,1
DA:167,1
DA:168,1
DA:169,1
DA:170,1
DA:172,1
DA:173,0
DA:174,0
DA:175,0
DA:176,0
DA:177,0
DA:178,0
DA:179,0
DA:180,0
DA:181,0
DA:182,0
DA:183,0
DA:184,0
DA:185,0
DA:186,0
DA:188,1
DA:189,0
DA:190,0
DA:191,1
DA:193,1
DA:194,1
DA:195,1
DA:196,1
DA:197,1
DA:198,1
DA:200,1
DA:201,1
DA:202,1
DA:203,1
DA:204,1
DA:205,1
DA:206,1
DA:207,1
DA:209,1
DA:210,1
DA:211,1
DA:212,1
DA:213,1
DA:214,1
DA:215,1
DA:216,1
LF:176
LH:154
BRDA:22,0,0,1
BRDA:31,1,0,1
BRDA:39,2,0,1
BRDA:41,3,0,1
BRDA:42,4,0,0
BRDA:53,5,0,1
BRDA:81,6,0,0
BRDA:82,7,0,0
BRDA:86,8,0,1
BRDA:88,9,0,1
BRDA:92,10,0,1
BRDA:94,11,0,1
BRDA:94,12,0,0
BRDA:98,13,0,1
BRDA:100,14,0,1
BRDA:163,15,0,0
BRDA:142,16,0,1
BRDA:149,17,0,4
BRDA:156,18,0,5
BRDA:160,19,0,1
BRDA:172,20,0,0
BRDA:172,21,0,0
BRDA:188,22,0,0
BRDA:204,23,0,0
BRDA:205,24,0,0
BRF:25
BRH:15
end_of_record
TN:
SF:src/views/RelatorioView.vue
FN:15,gerarRelatorio
FN:85,$setup.toast.onClose._cache.<computed>._cache.<computed>
FNF:2
FNH:1
FNDA:2,gerarRelatorio
FNDA:0,$setup.toast.onClose._cache.<computed>._cache.<computed>
DA:2,1
DA:3,1
DA:4,1
DA:5,1
DA:6,1
DA:7,1
DA:8,1
DA:9,1
DA:11,1
DA:12,1
DA:13,1
DA:15,2
DA:16,2
DA:17,2
DA:18,2
DA:19,1
DA:20,1
DA:21,1
DA:22,1
DA:23,1
DA:24,1
DA:25,1
DA:26,1
DA:27,1
DA:28,2
DA:29,2
DA:30,2
DA:31,2
DA:35,1
DA:36,1
DA:37,1
DA:38,1
DA:39,1
DA:40,1
DA:41,1
DA:42,1
DA:43,1
DA:44,1
DA:45,1
DA:46,1
DA:47,1
DA:49,1
DA:50,1
DA:51,1
DA:52,1
DA:53,1
DA:54,1
DA:55,1
DA:56,1
DA:57,1
DA:59,1
DA:60,1
DA:61,1
DA:62,1
DA:63,1
DA:64,1
DA:65,1
DA:66,1
DA:67,1
DA:68,1
DA:69,1
DA:70,1
DA:71,1
DA:72,1
DA:73,1
DA:74,1
DA:76,1
DA:77,1
DA:78,1
DA:79,1
DA:80,6
DA:81,1
DA:82,1
DA:83,1
DA:85,1
DA:86,1
LF:76
LH:76
BRDA:15,0,0,2
BRDA:18,1,0,1
BRDA:85,2,0,2
BRDA:85,3,0,2
BRDA:78,4,0,4
BRDA:80,5,0,6
BRDA:80,6,0,2
BRDA:80,7,0,4
BRF:8
BRH:8
end_of_record
